# JRE version: Java(TM) SE Runtime Environment (21.0.3+7) (build 21.0.3+7-LTS-152)
# Java VM: Java HotSpot(TM) 64-Bit Server VM (21.0.3+7-LTS-152, mixed mode, sharing, tiered, compressed oops, compressed class ptrs, g1 gc, windows-amd64)
GC Precious Log:
 CardTable entry size: 512
 Card Set container configuration: InlinePtr #cards 4 size 8 Array Of Cards #cards 16 size 48 Howl #buckets 8 coarsen threshold 3686 Howl Bitmap #cards 512 size 80 coarsen threshold 460 Card regions per heap region 1 cards per card region 4096
 CPUs: 8 total, 8 available
 Memory: 16179M
 Large Page Support: Disabled
 NUMA Support: Disabled
 Compressed Oops: Enabled (Zero based)
 Heap Region Size: 2M
 Heap Min Capacity: 8M
 Heap Initial Capacity: 254M
 Heap Max Capacity: 4046M
 Pre-touch: Disabled
 Parallel Workers: 8
 Concurrent Workers: 2
 Concurrent Refinement Workers: 8
 Periodic GC: Disabled
Heap:
 garbage-first heap   total 86016K, used 40096K [0x0000000703200000, 0x0000000800000000)
  region size 2048K, 8 young (16384K), 1 survivors (2048K)
 Metaspace       used 39519K, committed 40320K, reserved 1114112K
  class space    used 4957K, committed 5376K, reserved 1048576K
GC Heap History (12 events):
Event: 2.025 GC heap before
{Heap before GC invocations=0 (full 0):
 garbage-first heap   total 260096K, used 24576K [0x0000000703200000, 0x0000000800000000)
  region size 2048K, 11 young (22528K), 0 survivors (0K)
 Metaspace       used 6730K, committed 6848K, reserved 1114112K
  class space    used 699K, committed 768K, reserved 1048576K
}
Event: 2.162 GC heap after
{Heap after GC invocations=1 (full 0):
 garbage-first heap   total 260096K, used 6826K [0x0000000703200000, 0x0000000800000000)
  region size 2048K, 2 young (4096K), 2 survivors (4096K)
 Metaspace       used 6730K, committed 6848K, reserved 1114112K
  class space    used 699K, committed 768K, reserved 1048576K
}
Event: 4.460 GC heap before
{Heap before GC invocations=1 (full 0):
 garbage-first heap   total 260096K, used 45738K [0x0000000703200000, 0x0000000800000000)
  region size 2048K, 20 young (40960K), 2 survivors (4096K)
 Metaspace       used 15554K, committed 15872K, reserved 1114112K
  class space    used 2026K, committed 2176K, reserved 1048576K
}
Event: 4.469 GC heap after
{Heap after GC invocations=2 (full 0):
 garbage-first heap   total 260096K, used 13301K [0x0000000703200000, 0x0000000800000000)
  region size 2048K, 3 young (6144K), 3 survivors (6144K)
 Metaspace       used 15554K, committed 15872K, reserved 1114112K
  class space    used 2026K, committed 2176K, reserved 1048576K
}
Event: 6.257 GC heap before
{Heap before GC invocations=2 (full 0):
 garbage-first heap   total 260096K, used 37877K [0x0000000703200000, 0x0000000800000000)
  region size 2048K, 16 young (32768K), 3 survivors (6144K)
 Metaspace       used 21308K, committed 21504K, reserved 1114112K
  class space    used 2846K, committed 2944K, reserved 1048576K
}
Event: 6.262 GC heap after
{Heap after GC invocations=3 (full 0):
 garbage-first heap   total 260096K, used 15163K [0x0000000703200000, 0x0000000800000000)
  region size 2048K, 5 young (10240K), 5 survivors (10240K)
 Metaspace       used 21308K, committed 21504K, reserved 1114112K
  class space    used 2846K, committed 2944K, reserved 1048576K
}
Event: 9.075 GC heap before
{Heap before GC invocations=4 (full 0):
 garbage-first heap   total 69632K, used 68411K [0x0000000703200000, 0x0000000800000000)
  region size 2048K, 31 young (63488K), 5 survivors (10240K)
 Metaspace       used 31245K, committed 32000K, reserved 1114112K
  class space    used 3942K, committed 4352K, reserved 1048576K
}
Event: 9.091 GC heap after
{Heap after GC invocations=5 (full 0):
 garbage-first heap   total 86016K, used 20846K [0x0000000703200000, 0x0000000800000000)
  region size 2048K, 8 young (16384K), 8 survivors (16384K)
 Metaspace       used 31245K, committed 32000K, reserved 1114112K
  class space    used 3942K, committed 4352K, reserved 1048576K
}
Event: 11.292 GC heap before
{Heap before GC invocations=5 (full 0):
 garbage-first heap   total 86016K, used 45422K [0x0000000703200000, 0x0000000800000000)
  region size 2048K, 20 young (40960K), 8 survivors (16384K)
 Metaspace       used 35422K, committed 36160K, reserved 1114112K
  class space    used 4422K, committed 4800K, reserved 1048576K
}
Event: 11.314 GC heap after
{Heap after GC invocations=6 (full 0):
 garbage-first heap   total 86016K, used 26446K [0x0000000703200000, 0x0000000800000000)
  region size 2048K, 3 young (6144K), 3 survivors (6144K)
 Metaspace       used 35422K, committed 36160K, reserved 1114112K
  class space    used 4422K, committed 4800K, reserved 1048576K
}
Event: 11.529 GC heap before
{Heap before GC invocations=6 (full 0):
 garbage-first heap   total 86016K, used 28494K [0x0000000703200000, 0x0000000800000000)
  region size 2048K, 5 young (10240K), 3 survivors (6144K)
 Metaspace       used 35767K, committed 36480K, reserved 1114112K
  class space    used 4451K, committed 4800K, reserved 1048576K
}
Event: 11.539 GC heap after
{Heap after GC invocations=7 (full 0):
 garbage-first heap   total 86016K, used 27808K [0x0000000703200000, 0x0000000800000000)
  region size 2048K, 1 young (2048K), 1 survivors (2048K)
 Metaspace       used 35767K, committed 36480K, reserved 1114112K
  class space    used 4451K, committed 4800K, reserved 1048576K
}

